  Application.cpp
C:\Users\Thomas Popay\source\repos\OpenGL\src\Application.cpp(21,45): warning C4305: 'argument': truncation from 'double' to 'float'
C:\Users\Thomas Popay\source\repos\OpenGL\src\Application.cpp(23,27): warning C4305: 'argument': truncation from 'double' to 'float'
C:\Users\Thomas Popay\source\repos\OpenGL\src\Application.cpp(27,85): warning C4305: 'initializing': truncation from 'double' to 'float'
C:\Users\Thomas Popay\source\repos\OpenGL\src\Application.cpp(73,26): warning C4305: '+=': truncation from 'double' to 'float'
C:\Users\Thomas Popay\source\repos\OpenGL\src\Application.cpp(83,32): warning C4305: 'argument': truncation from 'double' to 'float'
C:\Users\Thomas Popay\source\repos\OpenGL\src\Application.cpp(84,76): warning C4305: 'argument': truncation from 'double' to 'float'
  Graphics2D.cpp
C:\Users\Thomas Popay\source\repos\OpenGL\src\Graphics2D.cpp(51,27): warning C4244: '=': conversion from 'double' to 'float', possible loss of data
C:\Users\Thomas Popay\source\repos\OpenGL\src\Graphics2D.cpp(52,27): warning C4244: '=': conversion from 'double' to 'float', possible loss of data
C:\Users\Thomas Popay\source\repos\OpenGL\src\Graphics2D.cpp(486,49): warning C4244: '-=': conversion from 'double' to 'float', possible loss of data
C:\Users\Thomas Popay\source\repos\OpenGL\src\Graphics2D.cpp(487,43): warning C4244: '=': conversion from 'double' to 'float', possible loss of data
C:\Users\Thomas Popay\source\repos\OpenGL\src\Graphics2D.cpp(492,45): warning C4244: '+=': conversion from 'double' to 'float', possible loss of data
LINK : warning LNK4098: defaultlib 'LIBCMT' conflicts with use of other libs; use /NODEFAULTLIB:library
  Generating code
  2 of 131 functions ( 1.5%) were compiled, the rest were copied from previous compilation.
    1 functions were new in current compilation
    1 functions had inline decision re-evaluated but remain unchanged
  Finished generating code
glew32s.lib(glew.obj) : warning LNK4099: PDB 'vc120.pdb' was not found with 'glew32s.lib(glew.obj)' or at 'C:\Users\Thomas Popay\source\repos\OpenGL\Release\vc120.pdb'; linking object as if no debug info
  OpenGL.vcxproj -> C:\Users\Thomas Popay\source\repos\OpenGL\Release\OpenGL.exe
